#
# There is insufficient memory for the Java Runtime Environment to continue.
# Native memory allocation (malloc) failed to allocate 240176 bytes. Error detail: Chunk::new
# Possible reasons:
#   The system is out of physical RAM or swap space
#   This process is running with CompressedOops enabled, and the Java Heap may be blocking the growth of the native heap
# Possible solutions:
#   Reduce memory load on the system
#   Increase physical memory or swap space
#   Check if swap backing store is full
#   Decrease Java heap size (-Xmx/-Xms)
#   Decrease number of Java threads
#   Decrease Java thread stack sizes (-Xss)
#   Set larger code cache with -XX:ReservedCodeCacheSize=
#   JVM is running with Unscaled Compressed Oops mode in which the Java heap is
#     placed in the first 4GB address space. The Java Heap base address is the
#     maximum limit for the native heap growth. Please use -XX:HeapBaseMinAddress
#     to set the Java Heap base and to place the Java Heap above 4GB virtual address.
# This output file may be truncated or incomplete.
#
#  Out of Memory Error (arena.cpp:150), pid=16904, tid=22436
#
# JRE version: OpenJDK Runtime Environment (22.0.2+9) (build 22.0.2+9-70)
# Java VM: OpenJDK 64-Bit Server VM (22.0.2+9-70, mixed mode, sharing, tiered, compressed oops, compressed class ptrs, g1 gc, windows-amd64)
# No core dump will be written. Minidumps are not enabled by default on client versions of Windows
#

---------------  S U M M A R Y ------------

Command Line: -javaagent:C:\Program Files\JetBrains\IntelliJ IDEA Community Edition 2024.1\lib\idea_rt.jar=8041:C:\Program Files\JetBrains\IntelliJ IDEA Community Edition 2024.1\bin -Dfile.encoding=UTF-8 -Dsun.stdout.encoding=UTF-8 -Dsun.stderr.encoding=UTF-8 edu.icet.crm.Main

Host: Intel(R) Core(TM) i3-8130U CPU @ 2.20GHz, 4 cores, 3G,  Windows 10 , 64 bit Build 19041 (10.0.19041.5794)
Time: Mon May 12 23:13:12 2025 Sri Lanka Standard Time elapsed time: 4.299102 seconds (0d 0h 0m 4s)

---------------  T H R E A D  ---------------

Current thread (0x00000162bfa7fdd0):  JavaThread "C2 CompilerThread0" daemon [_thread_in_native, id=22436, stack(0x0000002c07c00000,0x0000002c07d00000) (1024K)]


Current CompileTask:
C2:4299  955       4       java.util.jar.JarFile::getEntry (35 bytes)

Stack: [0x0000002c07c00000,0x0000002c07d00000]
Native frames: (J=compiled Java code, j=interpreted, Vv=VM code, C=native code)
V  [jvm.dll+0x6e26e9]  (no source info available)
V  [jvm.dll+0x875753]  (no source info available)
V  [jvm.dll+0x877b7e]  (no source info available)
V  [jvm.dll+0x878253]  (no source info available)
V  [jvm.dll+0x27fc86]  (no source info available)
V  [jvm.dll+0xc3d0f]  (no source info available)
V  [jvm.dll+0xc3f6b]  (no source info available)
V  [jvm.dll+0x2f3c7f]  (no source info available)
V  [jvm.dll+0x60c0fa]  (no source info available)
V  [jvm.dll+0x250c92]  (no source info available)
V  [jvm.dll+0x249445]  (no source info available)
V  [jvm.dll+0x246da6]  (no source info available)
V  [jvm.dll+0x1c4e80]  (no source info available)
V  [jvm.dll+0x2568f3]  (no source info available)
V  [jvm.dll+0x254baa]  (no source info available)
V  [jvm.dll+0x3f57a6]  (no source info available)
V  [jvm.dll+0x81dc0b]  (no source info available)
V  [jvm.dll+0x6e0d85]  (no source info available)
C  [ucrtbase.dll+0x21bb2]  (no source info available)
C  [KERNEL32.DLL+0x17374]  (no source info available)
C  [ntdll.dll+0x4cc91]  (no source info available)


---------------  P R O C E S S  ---------------

Threads class SMR info:
_java_thread_list=0x00000162bfd2cc50, length=12, elements={
0x00000162a2d7e550, 0x00000162bfa3d410, 0x00000162bfa3e330, 0x00000162bfa3f9d0,
0x00000162bfa43450, 0x00000162bfa43eb0, 0x00000162bfa4a940, 0x00000162bfa7fdd0,
0x00000162bfa818b0, 0x00000162bfc5c080, 0x0000016305078a20, 0x000001630507b0a0
}

Java Threads: ( => current thread )
  0x00000162a2d7e550 JavaThread "main"                              [_thread_in_vm, id=23464, stack(0x0000002c06e00000,0x0000002c06f00000) (1024K)]
  0x00000162bfa3d410 JavaThread "Reference Handler"          daemon [_thread_blocked, id=23816, stack(0x0000002c07600000,0x0000002c07700000) (1024K)]
  0x00000162bfa3e330 JavaThread "Finalizer"                  daemon [_thread_blocked, id=10284, stack(0x0000002c07700000,0x0000002c07800000) (1024K)]
  0x00000162bfa3f9d0 JavaThread "Signal Dispatcher"          daemon [_thread_blocked, id=12892, stack(0x0000002c07800000,0x0000002c07900000) (1024K)]
  0x00000162bfa43450 JavaThread "Attach Listener"            daemon [_thread_blocked, id=24040, stack(0x0000002c07900000,0x0000002c07a00000) (1024K)]
  0x00000162bfa43eb0 JavaThread "Service Thread"             daemon [_thread_blocked, id=1164, stack(0x0000002c07a00000,0x0000002c07b00000) (1024K)]
  0x00000162bfa4a940 JavaThread "Monitor Deflation Thread"   daemon [_thread_blocked, id=14784, stack(0x0000002c07b00000,0x0000002c07c00000) (1024K)]
=>0x00000162bfa7fdd0 JavaThread "C2 CompilerThread0"         daemon [_thread_in_native, id=22436, stack(0x0000002c07c00000,0x0000002c07d00000) (1024K)]
  0x00000162bfa818b0 JavaThread "C1 CompilerThread0"         daemon [_thread_in_native, id=18960, stack(0x0000002c07d00000,0x0000002c07e00000) (1024K)]
  0x00000162bfc5c080 JavaThread "Common-Cleaner"             daemon [_thread_blocked, id=11104, stack(0x0000002c07e00000,0x0000002c07f00000) (1024K)]
  0x0000016305078a20 JavaThread "Monitor Ctrl-Break"         daemon [_thread_in_native, id=17132, stack(0x0000002c07f00000,0x0000002c08000000) (1024K)]
  0x000001630507b0a0 JavaThread "Notification Thread"        daemon [_thread_blocked, id=14396, stack(0x0000002c08000000,0x0000002c08100000) (1024K)]
Total: 12

Other Threads:
  0x00000162bfa23910 VMThread "VM Thread"                           [id=22840, stack(0x0000002c07500000,0x0000002c07600000) (1024K)]
  0x00000162bfa1aa00 WatcherThread "VM Periodic Task Thread"        [id=9348, stack(0x0000002c07400000,0x0000002c07500000) (1024K)]
  0x00000162a4f69070 WorkerThread "GC Thread#0"                     [id=6672, stack(0x0000002c06f00000,0x0000002c07000000) (1024K)]
  0x0000016305295050 WorkerThread "GC Thread#1"                     [id=1428, stack(0x0000002c08100000,0x0000002c08200000) (1024K)]
  0x0000016305395c40 WorkerThread "GC Thread#2"                     [id=14392, stack(0x0000002c08200000,0x0000002c08300000) (1024K)]
  0x00000163051e87e0 WorkerThread "GC Thread#3"                     [id=25156, stack(0x0000002c08300000,0x0000002c08400000) (1024K)]
  0x00000162a4f71d20 ConcurrentGCThread "G1 Main Marker"            [id=19476, stack(0x0000002c07000000,0x0000002c07100000) (1024K)]
  0x00000162a4f72ee0 WorkerThread "G1 Conc#0"                       [id=6840, stack(0x0000002c07100000,0x0000002c07200000) (1024K)]
  0x00000162a4fca610 ConcurrentGCThread "G1 Refine#0"               [id=10336, stack(0x0000002c07200000,0x0000002c07300000) (1024K)]
  0x00000162a4fcc850 ConcurrentGCThread "G1 Service"                [id=1988, stack(0x0000002c07300000,0x0000002c07400000) (1024K)]
Total: 10

Threads with active compile tasks:
C2 CompilerThread0  5252  955       4       java.util.jar.JarFile::getEntry (35 bytes)
C1 CompilerThread0  5253 1021       3       java.net.URLStreamHandler::parseURL (1124 bytes)
Total: 2

VM state: not at safepoint (normal execution)

VM Mutex/Monitor currently owned by a thread: None

Heap address: 0x00000000c2000000, size: 992 MB, Compressed Oops mode: 32-bit

CDS archive(s) mapped at: [0x00000162c0000000-0x00000162c0c60000-0x00000162c0c60000), size 12976128, SharedBaseAddress: 0x00000162c0000000, ArchiveRelocationMode: 1.
Compressed class space mapped at: 0x00000162c1000000-0x0000016301000000, reserved size: 1073741824
Narrow klass base: 0x00000162c0000000, Narrow klass shift: 0, Narrow klass range: 0x41000000

GC Precious Log:
 CardTable entry size: 512
 Card Set container configuration: InlinePtr #cards 5 size 8 Array Of Cards #cards 12 size 40 Howl #buckets 4 coarsen threshold 1843 Howl Bitmap #cards 512 size 80 coarsen threshold 460 Card regions per heap region 1 cards per card region 2048
 CPUs: 4 total, 4 available
 Memory: 3960M
 Large Page Support: Disabled
 NUMA Support: Disabled
 Compressed Oops: Enabled (32-bit)
 Heap Region Size: 1M
 Heap Min Capacity: 8M
 Heap Initial Capacity: 62M
 Heap Max Capacity: 992M
 Pre-touch: Disabled
 Parallel Workers: 4
 Concurrent Workers: 1
 Concurrent Refinement Workers: 4
 Periodic GC: Disabled

Heap:
 garbage-first heap   total reserved 1015808K, committed 63488K, used 8832K [0x00000000c2000000, 0x0000000100000000)
  region size 1024K, 5 young (5120K), 2 survivors (2048K)
 Metaspace       used 4316K, committed 4480K, reserved 1114112K
  class space    used 486K, committed 576K, reserved 1048576K

Heap Regions: E=young(eden), S=young(survivor), O=old, HS=humongous(starts), HC=humongous(continues), CS=collection set, F=free, TAMS=top-at-mark-start, PB=parsable bottom
|   0|0x00000000c2000000, 0x00000000c2100000, 0x00000000c2100000|100%|HS|  |TAMS 0x00000000c2000000| PB 0x00000000c2000000| Complete |  0
|   1|0x00000000c2100000, 0x00000000c2200000, 0x00000000c2200000|100%|HS|  |TAMS 0x00000000c2100000| PB 0x00000000c2100000| Complete |  0
|   2|0x00000000c2200000, 0x00000000c2300000, 0x00000000c2300000|100%| O|  |TAMS 0x00000000c2200000| PB 0x00000000c2200000| Untracked |  0
|   3|0x00000000c2300000, 0x00000000c2400000, 0x00000000c2400000|100%| O|  |TAMS 0x00000000c2300000| PB 0x00000000c2300000| Untracked |  0
|   4|0x00000000c2400000, 0x00000000c24a0000, 0x00000000c2500000| 62%| O|  |TAMS 0x00000000c2400000| PB 0x00000000c2400000| Untracked |  0
|   5|0x00000000c2500000, 0x00000000c2500000, 0x00000000c2600000|  0%| F|  |TAMS 0x00000000c2500000| PB 0x00000000c2500000| Untracked |  0
|   6|0x00000000c2600000, 0x00000000c2600000, 0x00000000c2700000|  0%| F|  |TAMS 0x00000000c2600000| PB 0x00000000c2600000| Untracked |  0
|   7|0x00000000c2700000, 0x00000000c2700000, 0x00000000c2800000|  0%| F|  |TAMS 0x00000000c2700000| PB 0x00000000c2700000| Untracked |  0
|   8|0x00000000c2800000, 0x00000000c2800000, 0x00000000c2900000|  0%| F|  |TAMS 0x00000000c2800000| PB 0x00000000c2800000| Untracked |  0
|   9|0x00000000c2900000, 0x00000000c2900000, 0x00000000c2a00000|  0%| F|  |TAMS 0x00000000c2900000| PB 0x00000000c2900000| Untracked |  0
|  10|0x00000000c2a00000, 0x00000000c2a00000, 0x00000000c2b00000|  0%| F|  |TAMS 0x00000000c2a00000| PB 0x00000000c2a00000| Untracked |  0
|  11|0x00000000c2b00000, 0x00000000c2b00000, 0x00000000c2c00000|  0%| F|  |TAMS 0x00000000c2b00000| PB 0x00000000c2b00000| Untracked |  0
|  12|0x00000000c2c00000, 0x00000000c2c00000, 0x00000000c2d00000|  0%| F|  |TAMS 0x00000000c2c00000| PB 0x00000000c2c00000| Untracked |  0
|  13|0x00000000c2d00000, 0x00000000c2d00000, 0x00000000c2e00000|  0%| F|  |TAMS 0x00000000c2d00000| PB 0x00000000c2d00000| Untracked |  0
|  14|0x00000000c2e00000, 0x00000000c2e00000, 0x00000000c2f00000|  0%| F|  |TAMS 0x00000000c2e00000| PB 0x00000000c2e00000| Untracked |  0
|  15|0x00000000c2f00000, 0x00000000c2f00000, 0x00000000c3000000|  0%| F|  |TAMS 0x00000000c2f00000| PB 0x00000000c2f00000| Untracked |  0
|  16|0x00000000c3000000, 0x00000000c3000000, 0x00000000c3100000|  0%| F|  |TAMS 0x00000000c3000000| PB 0x00000000c3000000| Untracked |  0
|  17|0x00000000c3100000, 0x00000000c3100000, 0x00000000c3200000|  0%| F|  |TAMS 0x00000000c3100000| PB 0x00000000c3100000| Untracked |  0
|  18|0x00000000c3200000, 0x00000000c3200000, 0x00000000c3300000|  0%| F|  |TAMS 0x00000000c3200000| PB 0x00000000c3200000| Untracked |  0
|  19|0x00000000c3300000, 0x00000000c3300000, 0x00000000c3400000|  0%| F|  |TAMS 0x00000000c3300000| PB 0x00000000c3300000| Untracked |  0
|  20|0x00000000c3400000, 0x00000000c3400000, 0x00000000c3500000|  0%| F|  |TAMS 0x00000000c3400000| PB 0x00000000c3400000| Untracked |  0
|  21|0x00000000c3500000, 0x00000000c3500000, 0x00000000c3600000|  0%| F|  |TAMS 0x00000000c3500000| PB 0x00000000c3500000| Untracked |  0
|  22|0x00000000c3600000, 0x00000000c3600000, 0x00000000c3700000|  0%| F|  |TAMS 0x00000000c3600000| PB 0x00000000c3600000| Untracked |  0
|  23|0x00000000c3700000, 0x00000000c3700000, 0x00000000c3800000|  0%| F|  |TAMS 0x00000000c3700000| PB 0x00000000c3700000| Untracked |  0
|  24|0x00000000c3800000, 0x00000000c3800000, 0x00000000c3900000|  0%| F|  |TAMS 0x00000000c3800000| PB 0x00000000c3800000| Untracked |  0
|  25|0x00000000c3900000, 0x00000000c3900000, 0x00000000c3a00000|  0%| F|  |TAMS 0x00000000c3900000| PB 0x00000000c3900000| Untracked |  0
|  26|0x00000000c3a00000, 0x00000000c3a00000, 0x00000000c3b00000|  0%| F|  |TAMS 0x00000000c3a00000| PB 0x00000000c3a00000| Untracked |  0
|  27|0x00000000c3b00000, 0x00000000c3b00000, 0x00000000c3c00000|  0%| F|  |TAMS 0x00000000c3b00000| PB 0x00000000c3b00000| Untracked |  0
|  28|0x00000000c3c00000, 0x00000000c3c00000, 0x00000000c3d00000|  0%| F|  |TAMS 0x00000000c3c00000| PB 0x00000000c3c00000| Untracked |  0
|  29|0x00000000c3d00000, 0x00000000c3d00000, 0x00000000c3e00000|  0%| F|  |TAMS 0x00000000c3d00000| PB 0x00000000c3d00000| Untracked |  0
|  30|0x00000000c3e00000, 0x00000000c3e00000, 0x00000000c3f00000|  0%| F|  |TAMS 0x00000000c3e00000| PB 0x00000000c3e00000| Untracked |  0
|  31|0x00000000c3f00000, 0x00000000c3f00000, 0x00000000c4000000|  0%| F|  |TAMS 0x00000000c3f00000| PB 0x00000000c3f00000| Untracked |  0
|  32|0x00000000c4000000, 0x00000000c4000000, 0x00000000c4100000|  0%| F|  |TAMS 0x00000000c4000000| PB 0x00000000c4000000| Untracked |  0
|  33|0x00000000c4100000, 0x00000000c4100000, 0x00000000c4200000|  0%| F|  |TAMS 0x00000000c4100000| PB 0x00000000c4100000| Untracked |  0
|  34|0x00000000c4200000, 0x00000000c4200000, 0x00000000c4300000|  0%| F|  |TAMS 0x00000000c4200000| PB 0x00000000c4200000| Untracked |  0
|  35|0x00000000c4300000, 0x00000000c4300000, 0x00000000c4400000|  0%| F|  |TAMS 0x00000000c4300000| PB 0x00000000c4300000| Untracked |  0
|  36|0x00000000c4400000, 0x00000000c4400000, 0x00000000c4500000|  0%| F|  |TAMS 0x00000000c4400000| PB 0x00000000c4400000| Untracked |  0
|  37|0x00000000c4500000, 0x00000000c4500000, 0x00000000c4600000|  0%| F|  |TAMS 0x00000000c4500000| PB 0x00000000c4500000| Untracked |  0
|  38|0x00000000c4600000, 0x00000000c4600000, 0x00000000c4700000|  0%| F|  |TAMS 0x00000000c4600000| PB 0x00000000c4600000| Untracked |  0
|  39|0x00000000c4700000, 0x00000000c4700000, 0x00000000c4800000|  0%| F|  |TAMS 0x00000000c4700000| PB 0x00000000c4700000| Untracked |  0
|  40|0x00000000c4800000, 0x00000000c4800000, 0x00000000c4900000|  0%| F|  |TAMS 0x00000000c4800000| PB 0x00000000c4800000| Untracked |  0
|  41|0x00000000c4900000, 0x00000000c4900000, 0x00000000c4a00000|  0%| F|  |TAMS 0x00000000c4900000| PB 0x00000000c4900000| Untracked |  0
|  42|0x00000000c4a00000, 0x00000000c4a00000, 0x00000000c4b00000|  0%| F|  |TAMS 0x00000000c4a00000| PB 0x00000000c4a00000| Untracked |  0
|  43|0x00000000c4b00000, 0x00000000c4b00000, 0x00000000c4c00000|  0%| F|  |TAMS 0x00000000c4b00000| PB 0x00000000c4b00000| Untracked |  0
|  44|0x00000000c4c00000, 0x00000000c4c00000, 0x00000000c4d00000|  0%| F|  |TAMS 0x00000000c4c00000| PB 0x00000000c4c00000| Untracked |  0
|  45|0x00000000c4d00000, 0x00000000c4d00000, 0x00000000c4e00000|  0%| F|  |TAMS 0x00000000c4d00000| PB 0x00000000c4d00000| Untracked |  0
|  46|0x00000000c4e00000, 0x00000000c4f00000, 0x00000000c4f00000|100%| S|CS|TAMS 0x00000000c4e00000| PB 0x00000000c4e00000| Complete |  0
|  47|0x00000000c4f00000, 0x00000000c5000000, 0x00000000c5000000|100%| S|CS|TAMS 0x00000000c4f00000| PB 0x00000000c4f00000| Complete |  0
|  48|0x00000000c5000000, 0x00000000c5000000, 0x00000000c5100000|  0%| F|  |TAMS 0x00000000c5000000| PB 0x00000000c5000000| Untracked |  0
|  49|0x00000000c5100000, 0x00000000c5100000, 0x00000000c5200000|  0%| F|  |TAMS 0x00000000c5100000| PB 0x00000000c5100000| Untracked |  0
|  50|0x00000000c5200000, 0x00000000c5200000, 0x00000000c5300000|  0%| F|  |TAMS 0x00000000c5200000| PB 0x00000000c5200000| Untracked |  0
|  51|0x00000000c5300000, 0x00000000c5300000, 0x00000000c5400000|  0%| F|  |TAMS 0x00000000c5300000| PB 0x00000000c5300000| Untracked |  0
|  52|0x00000000c5400000, 0x00000000c5400000, 0x00000000c5500000|  0%| F|  |TAMS 0x00000000c5400000| PB 0x00000000c5400000| Untracked |  0
|  53|0x00000000c5500000, 0x00000000c5500000, 0x00000000c5600000|  0%| F|  |TAMS 0x00000000c5500000| PB 0x00000000c5500000| Untracked |  0
|  54|0x00000000c5600000, 0x00000000c5600000, 0x00000000c5700000|  0%| F|  |TAMS 0x00000000c5600000| PB 0x00000000c5600000| Untracked |  0
|  55|0x00000000c5700000, 0x00000000c5700000, 0x00000000c5800000|  0%| F|  |TAMS 0x00000000c5700000| PB 0x00000000c5700000| Untracked |  0
|  56|0x00000000c5800000, 0x00000000c5800000, 0x00000000c5900000|  0%| F|  |TAMS 0x00000000c5800000| PB 0x00000000c5800000| Untracked |  0
|  57|0x00000000c5900000, 0x00000000c5900000, 0x00000000c5a00000|  0%| F|  |TAMS 0x00000000c5900000| PB 0x00000000c5900000| Untracked |  0
|  58|0x00000000c5a00000, 0x00000000c5a00000, 0x00000000c5b00000|  0%| F|  |TAMS 0x00000000c5a00000| PB 0x00000000c5a00000| Untracked |  0
|  59|0x00000000c5b00000, 0x00000000c5b405b0, 0x00000000c5c00000| 25%| E|  |TAMS 0x00000000c5b00000| PB 0x00000000c5b00000| Complete |  0
|  60|0x00000000c5c00000, 0x00000000c5d00000, 0x00000000c5d00000|100%| E|CS|TAMS 0x00000000c5c00000| PB 0x00000000c5c00000| Complete |  0
|  61|0x00000000c5d00000, 0x00000000c5e00000, 0x00000000c5e00000|100%| E|CS|TAMS 0x00000000c5d00000| PB 0x00000000c5d00000| Complete |  0

Card table byte_map: [0x00000162bc460000,0x00000162bc650000] _byte_map_base: 0x00000162bbe50000

Marking Bits: (CMBitMap*) 0x00000162a4f69690
 Bits: [0x00000162bc650000, 0x00000162bd5d0000)

Polling page: 0x00000162a46f0000

Metaspace:

Usage:
  Non-class:      3.74 MB used.
      Class:    487.10 KB used.
       Both:      4.22 MB used.

Virtual space:
  Non-class space:       64.00 MB reserved,       3.81 MB (  6%) committed,  1 nodes.
      Class space:        1.00 GB reserved,     576.00 KB ( <1%) committed,  1 nodes.
             Both:        1.06 GB reserved,       4.38 MB ( <1%) committed. 

Chunk freelists:
   Non-Class:  10.08 MB
       Class:  15.42 MB
        Both:  25.50 MB

MaxMetaspaceSize: unlimited
CompressedClassSpaceSize: 1.00 GB
Initial GC threshold: 21.00 MB
Current GC threshold: 21.00 MB
CDS: on
 - commit_granule_bytes: 65536.
 - commit_granule_words: 8192.
 - virtual_space_node_default_size: 8388608.
 - enlarge_chunks_in_place: 1.
 - use_allocation_guard: 0.


Internal statistics:

num_allocs_failed_limit: 0.
num_arena_births: 120.
num_arena_deaths: 0.
num_vsnodes_births: 2.
num_vsnodes_deaths: 0.
num_space_committed: 70.
num_space_uncommitted: 0.
num_chunks_returned_to_freelist: 0.
num_chunks_taken_from_freelist: 270.
num_chunk_merges: 0.
num_chunk_splits: 152.
num_chunks_enlarged: 77.
num_inconsistent_stats: 0.

CodeHeap 'non-profiled nmethods': size=120000Kb used=308Kb max_used=308Kb free=119691Kb
 bounds [0x00000162b4d40000, 0x00000162b4fb0000, 0x00000162bc270000]
CodeHeap 'profiled nmethods': size=120000Kb used=1634Kb max_used=1634Kb free=118365Kb
 bounds [0x00000162ad270000, 0x00000162ad4e0000, 0x00000162b47a0000]
CodeHeap 'non-nmethods': size=5760Kb used=1363Kb max_used=1378Kb free=4397Kb
 bounds [0x00000162b47a0000, 0x00000162b4a10000, 0x00000162b4d40000]
 total_blobs=1480 nmethods=1015 adapters=370
 compilation: enabled
              stopped_count=0, restarted_count=0
 full_count=0

Compilation events (20 events):
Event: 4.006 Thread 0x00000162bfa7fdd0 nmethod 942 0x00000162b4d8a110 code [0x00000162b4d8a2e0, 0x00000162b4d8a970]
Event: 4.009 Thread 0x00000162bfa818b0  944   !   3       java.util.zip.Inflater::setInput (56 bytes)
Event: 4.010 Thread 0x00000162bfa818b0 nmethod 944 0x00000162ad3e5b10 code [0x00000162ad3e5ce0, 0x00000162ad3e60b8]
Event: 4.023 Thread 0x00000162bfa818b0  945       3       java.lang.invoke.MemberName::getType (19 bytes)
Event: 4.023 Thread 0x00000162bfa818b0 nmethod 945 0x00000162ad3e6290 code [0x00000162ad3e6460, 0x00000162ad3e6750]
Event: 4.025 Thread 0x00000162bfa818b0  946   !   3       java.util.zip.ZipFile$CleanableResource::releaseInflater (53 bytes)
Event: 4.026 Thread 0x00000162bfa818b0 nmethod 946 0x00000162ad3e6890 code [0x00000162ad3e6a80, 0x00000162ad3e6ec0]
Event: 4.026 Thread 0x00000162bfa818b0  947   !   3       java.util.zip.Inflater::reset (64 bytes)
Event: 4.026 Thread 0x00000162bfa818b0 nmethod 947 0x00000162ad3e7110 code [0x00000162ad3e72e0, 0x00000162ad3e7660]
Event: 4.030 Thread 0x00000162bfa818b0  949   !   3       java.io.WinNTFileSystem::getBooleanAttributes (27 bytes)
Event: 4.030 Thread 0x00000162bfa818b0 nmethod 949 0x00000162ad3e7810 code [0x00000162ad3e79e0, 0x00000162ad3e7bf8]
Event: 4.030 Thread 0x00000162bfa818b0  950       3       java.util.zip.InflaterInputStream::<init> (70 bytes)
Event: 4.031 Thread 0x00000162bfa818b0 nmethod 950 0x00000162ad3e7d10 code [0x00000162ad3e7f00, 0x00000162ad3e8600]
Event: 4.034 Thread 0x00000162bfa818b0  951       3       java.util.zip.ZipEntry::<init> (84 bytes)
Event: 4.035 Thread 0x00000162bfa818b0 nmethod 951 0x00000162ad3e8810 code [0x00000162ad3e8a00, 0x00000162ad3e8f70]
Event: 4.068 Thread 0x00000162bfa818b0  953   !   3       java.lang.invoke.MemberName$Factory::resolve (159 bytes)
Event: 4.068 Thread 0x00000162bfa818b0 nmethod 953 0x00000162ad3e9190 code [0x00000162ad3e93c0, 0x00000162ad3e9a78]
Event: 4.078 Thread 0x00000162bfa7fdd0  954   !   4       jdk.internal.loader.URLClassPath$JarLoader::ensureOpen (36 bytes)
Event: 4.078 Thread 0x00000162bfa7fdd0 nmethod 954 0x00000162b4d8b410 code [0x00000162b4d8b580, 0x00000162b4d8b630]
Event: 4.090 Thread 0x00000162bfa7fdd0  955       4       java.util.jar.JarFile::getEntry (35 bytes)

GC Heap History (0 events):
No events

Dll operation events (10 events):
Event: 0.036 Loaded shared library C:\Users\Ravindu Haputhanthri\.jdks\openjdk-22.0.2\bin\java.dll
Event: 0.121 Loaded shared library C:\Users\Ravindu Haputhanthri\.jdks\openjdk-22.0.2\bin\jsvml.dll
Event: 0.427 Loaded shared library C:\Users\Ravindu Haputhanthri\.jdks\openjdk-22.0.2\bin\zip.dll
Event: 0.441 Loaded shared library C:\Users\Ravindu Haputhanthri\.jdks\openjdk-22.0.2\bin\instrument.dll
Event: 0.471 Loaded shared library C:\Users\Ravindu Haputhanthri\.jdks\openjdk-22.0.2\bin\net.dll
Event: 0.475 Loaded shared library C:\Users\Ravindu Haputhanthri\.jdks\openjdk-22.0.2\bin\nio.dll
Event: 0.484 Loaded shared library C:\Users\Ravindu Haputhanthri\.jdks\openjdk-22.0.2\bin\zip.dll
Event: 1.647 Loaded shared library C:\Program Files\JetBrains\IntelliJ IDEA Community Edition 2024.1\bin\breakgen64.dll
Event: 1.709 Loaded shared library C:\Users\Ravindu Haputhanthri\.jdks\openjdk-22.0.2\bin\extnet.dll
Event: 2.004 Loaded shared library C:\Users\Ravindu Haputhanthri\.jdks\openjdk-22.0.2\bin\jimage.dll

Deoptimization events (20 events):
Event: 2.032 Thread 0x00000162a2d7e550 DEOPT PACKING pc=0x00000162b4d58778 sp=0x0000002c06efe080
Event: 2.032 Thread 0x00000162a2d7e550 DEOPT UNPACKING pc=0x00000162b47f46a2 sp=0x0000002c06efe008 mode 2
Event: 2.039 Thread 0x00000162a2d7e550 DEOPT PACKING pc=0x00000162ad2b44da sp=0x0000002c06efd4a0
Event: 2.039 Thread 0x00000162a2d7e550 DEOPT UNPACKING pc=0x00000162b47f4e42 sp=0x0000002c06efc930 mode 0
Event: 2.047 Thread 0x00000162a2d7e550 DEOPT PACKING pc=0x00000162ad2b44da sp=0x0000002c06ef9d40
Event: 2.047 Thread 0x00000162a2d7e550 DEOPT UNPACKING pc=0x00000162b47f4e42 sp=0x0000002c06ef91d0 mode 0
Event: 2.154 Thread 0x00000162a2d7e550 DEOPT PACKING pc=0x00000162ad2edb25 sp=0x0000002c06efd780
Event: 2.154 Thread 0x00000162a2d7e550 DEOPT UNPACKING pc=0x00000162b47f4e42 sp=0x0000002c06efcbf8 mode 0
Event: 2.277 Thread 0x00000162a2d7e550 Uncommon trap: trap_request=0xffffff6e fr.pc=0x00000162b4d6a618 relative=0x0000000000000458
Event: 2.277 Thread 0x00000162a2d7e550 Uncommon trap: reason=loop_limit_check action=maybe_recompile pc=0x00000162b4d6a618 method=java.lang.StringLatin1.indexOf([BI[BII)I @ 37 c2
Event: 2.277 Thread 0x00000162a2d7e550 DEOPT PACKING pc=0x00000162b4d6a618 sp=0x0000002c06efe0e0
Event: 2.277 Thread 0x00000162a2d7e550 DEOPT UNPACKING pc=0x00000162b47f46a2 sp=0x0000002c06efe068 mode 2
Event: 2.483 Thread 0x00000162a2d7e550 DEOPT PACKING pc=0x00000162ad2e9477 sp=0x0000002c06efd610
Event: 2.483 Thread 0x00000162a2d7e550 DEOPT UNPACKING pc=0x00000162b47f4e42 sp=0x0000002c06efca80 mode 0
Event: 2.883 Thread 0x00000162a2d7e550 DEOPT PACKING pc=0x00000162ad2b8343 sp=0x0000002c06efed40
Event: 2.883 Thread 0x00000162a2d7e550 DEOPT UNPACKING pc=0x00000162b47f4e42 sp=0x0000002c06efe1b8 mode 0
Event: 3.574 Thread 0x00000162a2d7e550 Uncommon trap: trap_request=0xffffff45 fr.pc=0x00000162b4d87c1c relative=0x00000000000002dc
Event: 3.574 Thread 0x00000162a2d7e550 Uncommon trap: reason=unstable_if action=reinterpret pc=0x00000162b4d87c1c method=jdk.internal.util.ArraysSupport.mismatch([BI[BII)I @ 55 c2
Event: 3.574 Thread 0x00000162a2d7e550 DEOPT PACKING pc=0x00000162b4d87c1c sp=0x0000002c06efec10
Event: 3.574 Thread 0x00000162a2d7e550 DEOPT UNPACKING pc=0x00000162b47f46a2 sp=0x0000002c06efeb08 mode 2

Classes loaded (20 events):
Event: 3.967 Loading class sun/reflect/generics/reflectiveObjects/ParameterizedTypeImpl
Event: 3.968 Loading class sun/reflect/generics/reflectiveObjects/ParameterizedTypeImpl done
Event: 4.040 Loading class java/util/concurrent/CountDownLatch$Sync
Event: 4.042 Loading class java/util/concurrent/CountDownLatch$Sync done
Event: 4.044 Loading class java/lang/StackWalker$Option
Event: 4.046 Loading class java/lang/StackWalker$Option done
Event: 4.048 Loading class java/lang/StackStreamFactory
Event: 4.049 Loading class java/lang/StackStreamFactory done
Event: 4.049 Loading class java/lang/StackWalker$ExtendedOption
Event: 4.049 Loading class java/lang/StackWalker$ExtendedOption done
Event: 4.049 Loading class java/lang/StackStreamFactory$StackFrameTraverser
Event: 4.052 Loading class java/lang/StackStreamFactory$StackFrameTraverser done
Event: 4.052 Loading class java/lang/StackStreamFactory$WalkerState
Event: 4.053 Loading class java/lang/StackStreamFactory$WalkerState done
Event: 4.053 Loading class java/lang/StackStreamFactory$StackFrameBuffer
Event: 4.059 Loading class java/lang/StackStreamFactory$FrameBuffer
Event: 4.064 Loading class java/lang/StackStreamFactory$FrameBuffer done
Event: 4.064 Loading class java/lang/StackStreamFactory$StackFrameBuffer done
Event: 4.109 Loading class java/util/concurrent/RejectedExecutionException
Event: 4.115 Loading class java/util/concurrent/RejectedExecutionException done

Classes unloaded (0 events):
No events

Classes redefined (0 events):
No events

Internal exceptions (9 events):
Event: 1.624 Thread 0x00000162a2d7e550 Exception <a 'java/lang/NoSuchMethodError'{0x00000000c58fefa0}: 'void java.lang.invoke.DirectMethodHandle$Holder.invokeStatic(java.lang.Object, java.lang.Object, java.lang.Object)'> (0x00000000c58fefa0) 
thrown [s\open\src\hotspot\share\interpreter\linkResolver.cpp, line 774]
Event: 1.633 Thread 0x00000162a2d7e550 Exception <a 'java/lang/NoSuchMethodError'{0x00000000c57311c0}: 'java.lang.Object java.lang.invoke.Invokers$Holder.invokeExact_MT(java.lang.Object, java.lang.Object, java.lang.Object, java.lang.Object, java.lang.Object)'> (0x00000000c57311c0) 
thrown [s\open\src\hotspot\share\interpreter\linkResolver.cpp, line 774]
Event: 1.716 Thread 0x0000016305078a20 Exception <a 'java/lang/NoSuchMethodError'{0x00000000c576ae78}: 'void java.lang.invoke.DirectMethodHandle$Holder.invokeStatic(java.lang.Object, java.lang.Object)'> (0x00000000c576ae78) 
thrown [s\open\src\hotspot\share\interpreter\linkResolver.cpp, line 774]
Event: 2.234 Thread 0x00000162a2d7e550 Exception <a 'java/lang/NoSuchMethodError'{0x00000000c55e2ea0}: 'java.lang.Object java.lang.invoke.DirectMethodHandle$Holder.invokeSpecial(java.lang.Object, java.lang.Object, java.lang.Object, long, java.lang.Object)'> (0x00000000c55e2ea0) 
thrown [s\open\src\hotspot\share\interpreter\linkResolver.cpp, line 774]
Event: 2.235 Thread 0x00000162a2d7e550 Exception <a 'java/lang/NoSuchMethodError'{0x00000000c55e6800}: 'java.lang.Object java.lang.invoke.Invokers$Holder.linkToTargetMethod(java.lang.Object, long, java.lang.Object, java.lang.Object)'> (0x00000000c55e6800) 
thrown [s\open\src\hotspot\share\interpreter\linkResolver.cpp, line 774]
Event: 2.822 Thread 0x00000162a2d7e550 Exception <a 'java/lang/NoSuchMethodError'{0x00000000c53e7ca8}: 'void java.lang.invoke.DirectMethodHandle$Holder.invokeStatic(java.lang.Object, java.lang.Object, java.lang.Object, java.lang.Object)'> (0x00000000c53e7ca8) 
thrown [s\open\src\hotspot\share\interpreter\linkResolver.cpp, line 774]
Event: 3.283 Thread 0x00000162a2d7e550 Exception <a 'java/lang/NoSuchMethodError'{0x00000000c52ed5e8}: 'int java.lang.invoke.DirectMethodHandle$Holder.invokeStaticInit(java.lang.Object, java.lang.Object)'> (0x00000000c52ed5e8) 
thrown [s\open\src\hotspot\share\interpreter\linkResolver.cpp, line 774]
Event: 3.405 Thread 0x00000162a2d7e550 Exception <a 'java/lang/NoSuchMethodError'{0x00000000c511aca0}: 'void java.lang.invoke.DirectMethodHandle$Holder.invokeInterface(java.lang.Object, java.lang.Object, java.lang.Object, java.lang.Object)'> (0x00000000c511aca0) 
thrown [s\open\src\hotspot\share\interpreter\linkResolver.cpp, line 774]
Event: 4.068 Thread 0x00000162a2d7e550 Exception <a 'java/lang/NoSuchMethodError'{0x00000000c50c30e0}: 'java.lang.Object java.lang.invoke.DirectMethodHandle$Holder.invokeInterface(java.lang.Object, java.lang.Object)'> (0x00000000c50c30e0) 
thrown [s\open\src\hotspot\share\interpreter\linkResolver.cpp, line 774]

ZGC Phase Switch (0 events):
No events

VM Operations (18 events):
Event: 0.368 Executing VM operation: HandshakeAllThreads (Deoptimize)
Event: 0.368 Executing VM operation: HandshakeAllThreads (Deoptimize) done
Event: 1.371 Executing VM operation: Cleanup
Event: 1.371 Executing VM operation: Cleanup done
Event: 1.675 Executing VM operation: HandshakeAllThreads (Deoptimize)
Event: 1.675 Executing VM operation: HandshakeAllThreads (Deoptimize) done
Event: 1.887 Executing VM operation: HandshakeAllThreads (Deoptimize)
Event: 1.888 Executing VM operation: HandshakeAllThreads (Deoptimize) done
Event: 2.031 Executing VM operation: HandshakeAllThreads (Deoptimize)
Event: 2.031 Executing VM operation: HandshakeAllThreads (Deoptimize) done
Event: 3.042 Executing VM operation: Cleanup
Event: 3.042 Executing VM operation: Cleanup done
Event: 4.042 Executing VM operation: HandshakeAllThreads (Deoptimize)
Event: 4.042 Executing VM operation: HandshakeAllThreads (Deoptimize) done
Event: 4.042 Executing VM operation: HandshakeAllThreads (Deoptimize)
Event: 4.042 Executing VM operation: HandshakeAllThreads (Deoptimize) done
Event: 4.042 Executing VM operation: Cleanup
Event: 4.043 Executing VM operation: Cleanup done

Memory protections (0 events):
No events

Nmethod flushes (0 events):
No events

Events (12 events):
Event: 0.080 Thread 0x00000162a2d7e550 Thread added: 0x00000162a2d7e550
Event: 0.118 Thread 0x00000162a2d7e550 Thread added: 0x00000162bfa3d410
Event: 0.118 Thread 0x00000162a2d7e550 Thread added: 0x00000162bfa3e330
Event: 0.118 Thread 0x00000162a2d7e550 Thread added: 0x00000162bfa3f9d0
Event: 0.118 Thread 0x00000162a2d7e550 Thread added: 0x00000162bfa43450
Event: 0.118 Thread 0x00000162a2d7e550 Thread added: 0x00000162bfa43eb0
Event: 0.119 Thread 0x00000162a2d7e550 Thread added: 0x00000162bfa4a940
Event: 0.119 Thread 0x00000162a2d7e550 Thread added: 0x00000162bfa7fdd0
Event: 0.119 Thread 0x00000162a2d7e550 Thread added: 0x00000162bfa818b0
Event: 0.330 Thread 0x00000162a2d7e550 Thread added: 0x00000162bfc5c080
Event: 1.649 Thread 0x00000162a2d7e550 Thread added: 0x0000016305078a20
Event: 1.649 Thread 0x00000162a2d7e550 Thread added: 0x000001630507b0a0


Dynamic libraries:
0x00007ff7a6c80000 - 0x00007ff7a6c8e000 	C:\Users\Ravindu Haputhanthri\.jdks\openjdk-22.0.2\bin\java.exe
0x00007ff9a5510000 - 0x00007ff9a5708000 	C:\Windows\SYSTEM32\ntdll.dll
0x00007ff9a5280000 - 0x00007ff9a5342000 	C:\Windows\System32\KERNEL32.DLL
0x00007ff9a3030000 - 0x00007ff9a3326000 	C:\Windows\System32\KERNELBASE.dll
0x00007ff9a2cb0000 - 0x00007ff9a2db0000 	C:\Windows\System32\ucrtbase.dll
0x00007ff99e300000 - 0x00007ff99e317000 	C:\Users\Ravindu Haputhanthri\.jdks\openjdk-22.0.2\bin\jli.dll
0x00007ff9a3570000 - 0x00007ff9a370d000 	C:\Windows\System32\USER32.dll
0x00007ff9a2c00000 - 0x00007ff9a2c22000 	C:\Windows\System32\win32u.dll
0x00007ff9a53f0000 - 0x00007ff9a541b000 	C:\Windows\System32\GDI32.dll
0x00007ff9a2f10000 - 0x00007ff9a302a000 	C:\Windows\System32\gdi32full.dll
0x00007ff99ed40000 - 0x00007ff99ed5b000 	C:\Users\Ravindu Haputhanthri\.jdks\openjdk-22.0.2\bin\VCRUNTIME140.dll
0x00007ff9a33e0000 - 0x00007ff9a347d000 	C:\Windows\System32\msvcp_win.dll
0x00007ff990b20000 - 0x00007ff990dba000 	C:\Windows\WinSxS\amd64_microsoft.windows.common-controls_6595b64144ccf1df_6.0.19041.5794_none_60bcd33171f2783c\COMCTL32.dll
0x00007ff9a5350000 - 0x00007ff9a53ee000 	C:\Windows\System32\msvcrt.dll
0x00007ff9a3540000 - 0x00007ff9a356f000 	C:\Windows\System32\IMM32.DLL
0x00007ff99eca0000 - 0x00007ff99ecac000 	C:\Users\Ravindu Haputhanthri\.jdks\openjdk-22.0.2\bin\vcruntime140_1.dll
0x00007ff99e270000 - 0x00007ff99e2fe000 	C:\Users\Ravindu Haputhanthri\.jdks\openjdk-22.0.2\bin\msvcp140.dll
0x00007ff94ce00000 - 0x00007ff94db49000 	C:\Users\Ravindu Haputhanthri\.jdks\openjdk-22.0.2\bin\server\jvm.dll
0x00007ff9a3d70000 - 0x00007ff9a3e1f000 	C:\Windows\System32\ADVAPI32.dll
0x00007ff9a3710000 - 0x00007ff9a37af000 	C:\Windows\System32\sechost.dll
0x00007ff9a4d50000 - 0x00007ff9a4e73000 	C:\Windows\System32\RPCRT4.dll
0x00007ff9a3510000 - 0x00007ff9a3537000 	C:\Windows\System32\bcrypt.dll
0x00007ff9a4ce0000 - 0x00007ff9a4d4b000 	C:\Windows\System32\WS2_32.dll
0x00007ff9a2100000 - 0x00007ff9a214b000 	C:\Windows\SYSTEM32\POWRPROF.dll
0x00007ff990aa0000 - 0x00007ff990ac7000 	C:\Windows\SYSTEM32\WINMM.dll
0x00007ff99c090000 - 0x00007ff99c09a000 	C:\Windows\SYSTEM32\VERSION.dll
0x00007ff9a1f70000 - 0x00007ff9a1f82000 	C:\Windows\SYSTEM32\UMPDC.dll
0x00007ff9a1390000 - 0x00007ff9a13a2000 	C:\Windows\SYSTEM32\kernel.appcore.dll
0x00007ff99ea30000 - 0x00007ff99ea3a000 	C:\Users\Ravindu Haputhanthri\.jdks\openjdk-22.0.2\bin\jimage.dll
0x00007ff9a0780000 - 0x00007ff9a0964000 	C:\Windows\SYSTEM32\DBGHELP.DLL
0x00007ff98c7f0000 - 0x00007ff98c824000 	C:\Windows\SYSTEM32\dbgcore.DLL
0x00007ff9a3480000 - 0x00007ff9a3502000 	C:\Windows\System32\bcryptPrimitives.dll
0x00007ff99e180000 - 0x00007ff99e18f000 	C:\Users\Ravindu Haputhanthri\.jdks\openjdk-22.0.2\bin\instrument.dll
0x00007ff99e1b0000 - 0x00007ff99e1ce000 	C:\Users\Ravindu Haputhanthri\.jdks\openjdk-22.0.2\bin\java.dll
0x00007ff9a43c0000 - 0x00007ff9a4b2e000 	C:\Windows\System32\SHELL32.dll
0x00007ff9a4fb0000 - 0x00007ff9a50db000 	C:\Windows\System32\ole32.dll
0x00007ff9a3890000 - 0x00007ff9a3be3000 	C:\Windows\System32\combase.dll
0x00007ff9a0bd0000 - 0x00007ff9a1373000 	C:\Windows\SYSTEM32\windows.storage.dll
0x00007ff9a25e0000 - 0x00007ff9a260b000 	C:\Windows\SYSTEM32\Wldp.dll
0x00007ff9a4ee0000 - 0x00007ff9a4fad000 	C:\Windows\System32\OLEAUT32.dll
0x00007ff9a51d0000 - 0x00007ff9a527d000 	C:\Windows\System32\SHCORE.dll
0x00007ff9a3bf0000 - 0x00007ff9a3c45000 	C:\Windows\System32\shlwapi.dll
0x00007ff9a2ae0000 - 0x00007ff9a2b05000 	C:\Windows\SYSTEM32\profapi.dll
0x00007ff963ae0000 - 0x00007ff963bb7000 	C:\Users\Ravindu Haputhanthri\.jdks\openjdk-22.0.2\bin\jsvml.dll
0x00007ff99b130000 - 0x00007ff99b147000 	C:\Users\Ravindu Haputhanthri\.jdks\openjdk-22.0.2\bin\zip.dll
0x00007ff99e1f0000 - 0x00007ff99e200000 	C:\Users\Ravindu Haputhanthri\.jdks\openjdk-22.0.2\bin\net.dll
0x00007ff9a22f0000 - 0x00007ff9a235c000 	C:\Windows\system32\mswsock.dll
0x00007ff99c4c0000 - 0x00007ff99c4d6000 	C:\Users\Ravindu Haputhanthri\.jdks\openjdk-22.0.2\bin\nio.dll
0x00007ff99b060000 - 0x00007ff99b07a000 	C:\Program Files\JetBrains\IntelliJ IDEA Community Edition 2024.1\bin\breakgen64.dll
0x00007ff99df20000 - 0x00007ff99df29000 	C:\Users\Ravindu Haputhanthri\.jdks\openjdk-22.0.2\bin\extnet.dll

dbghelp: loaded successfully - version: 4.0.5 - missing functions: none
symbol engine: initialized successfully - sym options: 0x614 - pdb path: .;C:\Users\Ravindu Haputhanthri\.jdks\openjdk-22.0.2\bin;C:\Windows\SYSTEM32;C:\Windows\WinSxS\amd64_microsoft.windows.common-controls_6595b64144ccf1df_6.0.19041.5794_none_60bcd33171f2783c;C:\Users\Ravindu Haputhanthri\.jdks\openjdk-22.0.2\bin\server;C:\Program Files\JetBrains\IntelliJ IDEA Community Edition 2024.1\bin

VM Arguments:
jvm_args: -javaagent:C:\Program Files\JetBrains\IntelliJ IDEA Community Edition 2024.1\lib\idea_rt.jar=8041:C:\Program Files\JetBrains\IntelliJ IDEA Community Edition 2024.1\bin -Dfile.encoding=UTF-8 -Dsun.stdout.encoding=UTF-8 -Dsun.stderr.encoding=UTF-8 
java_command: edu.icet.crm.Main
java_class_path (initial): D:\Documents\Self Learning Courses\iCM-106-iCET\Modules\06-Advance Web Application Development\Demo Projects iCD\Day 01\product-service-backend\target\classes;C:\Users\Ravindu Haputhanthri\.m2\repository\org\springframework\boot\spring-boot-starter-web\3.4.5\spring-boot-starter-web-3.4.5.jar;C:\Users\Ravindu Haputhanthri\.m2\repository\org\springframework\boot\spring-boot-starter\3.4.5\spring-boot-starter-3.4.5.jar;C:\Users\Ravindu Haputhanthri\.m2\repository\org\springframework\boot\spring-boot\3.4.5\spring-boot-3.4.5.jar;C:\Users\Ravindu Haputhanthri\.m2\repository\org\springframework\boot\spring-boot-autoconfigure\3.4.5\spring-boot-autoconfigure-3.4.5.jar;C:\Users\Ravindu Haputhanthri\.m2\repository\org\springframework\boot\spring-boot-starter-logging\3.4.5\spring-boot-starter-logging-3.4.5.jar;C:\Users\Ravindu Haputhanthri\.m2\repository\ch\qos\logback\logback-classic\1.5.18\logback-classic-1.5.18.jar;C:\Users\Ravindu Haputhanthri\.m2\repository\ch\qos\logback\logback-core\1.5.18\logback-core-1.5.18.jar;C:\Users\Ravindu Haputhanthri\.m2\repository\org\apache\logging\log4j\log4j-to-slf4j\2.24.3\log4j-to-slf4j-2.24.3.jar;C:\Users\Ravindu Haputhanthri\.m2\repository\org\apache\logging\log4j\log4j-api\2.24.3\log4j-api-2.24.3.jar;C:\Users\Ravindu Haputhanthri\.m2\repository\org\slf4j\jul-to-slf4j\2.0.17\jul-to-slf4j-2.0.17.jar;C:\Users\Ravindu Haputhanthri\.m2\repository\jakarta\annotation\jakarta.annotation-api\2.1.1\jakarta.annotation-api-2.1.1.jar;C:\Users\Ravindu Haputhanthri\.m2\repository\org\springframework\spring-core\6.2.6\spring-core-6.2.6.jar;C:\Users\Ravindu Haputhanthri\.m2\repository\org\springframework\spring-jcl\6.2.6\spring-jcl-6.2.6.jar;C:\Users\Ravindu Haputhanthri\.m2\repository\org\yaml\snakeyaml\2.3\snakeyaml-2.3.jar;C:\Users\Ravindu Haputhanthri\.m2\repository\org\springframework\boot\spring-boot-starter-json\3.4.5\spring-boot-starter-json-3.4.5.jar;C:\Users\Ravindu Haputhanthri\.m2\repository\com\fasterxml\jackson\core\jackson-databind\2.18.3\jackson-databind-2.18.3.jar;C:\Users\Ravindu Haputhanthri\.m2\repository\com\fasterxml\jackson\core\jackson-annotations\2.18.3\jackson-annotations-2.18.3.jar;C:\Users\Ravindu Haputhanthri\.m2\repository\com\fasterxml\jackson\core\jackson-core\2.18.3\jackson-core-2.18.3.jar;C:\Users\Ravindu Haputhanthri\.m2\repository\com\fasterxml\jackson\datatype\jackson-datatype-jdk8\2.18.3\jackson-datatype-jdk8-2.18.3.jar;C:\Users\Ravindu Haputhanthri\.m2\repository\com\fasterxml\jackson\datatype\jackson-datatype-jsr310\2.18.3\jackson-datatype-jsr310-2.18.3.jar;C:\Users\Ravindu Haputhanthri\.m2\repository\com\fasterxml\jackson\module\jackson-module-parameter-names\2.18.3\jackson-module-parameter-names-2.18.3.jar;C:\Users\Ravindu Haputhanthri\.m2\repository\org\springframework\boot\spring-boot-starter-tomcat\3.4.5\spring-boot-starter-tomcat-3.4.5.jar;C:\Users\Ravindu Haputhanthri\.m2\repository\org\apache\tomcat\embed\tomcat-embed-core\10.1.40\tomcat-embed-core-10.1.40.jar;C:\Users\Ravindu Haputhanthri\.m2\repository\org\apache\tomcat\embed\tomcat-embed-el\10.1.40\tomcat-embed-el-10.1.40.jar;C:\Users\Ravindu Haputhanthri\.m2\repository\org\apache\tomcat\embed\tomcat-embed-websocket\10.1.40\tomcat-embed-websocket-10.1.40.jar;C:\Users\Ravindu Haputhanthri\.m2\repository\org\springframework\spring-web\6.2.6\spring-web-6.2.6.jar;C:\Users\Ravindu Haputhanthri\.m2\repository\org\springframework\spring-beans\6.2.6\spring-beans-6.2.6.jar;C:\Users\Ravindu Haputhanthri\.m2\repository\io\micrometer\micrometer-observation\1.14.6\micrometer-observation-1.14.6.jar;C:\Users\Ravindu Haputhanthri\.m2\repository\io\micrometer\micrometer-commons\1.14.6\micrometer-commons-1.14.6.jar;C:\Users\Ravindu Haputhanthri\.m2\repository\org\springframework\spring-webmvc\6.2.6\spring-webmvc-6.2.6.jar;C:\Users\Ravindu Haputhanthri\.m2\repository\org\springframework\spring-aop\6.2.6\spring-aop-6.2.6.jar;C:\Users\Ravindu Haputhanthri\.m2\repository\org\springframework\spring-context\6.2.6\spring-context-6.2.6.jar;C:\Users\Ravindu Haputhanthri\.m2\repository\org\springframework\spring-expression\6.2.6\spring-expression-6.2.6.jar;C:\Users\Ravindu Haputhanthri\.m2\repository\org\springframework\boot\spring-boot-starter-data-jpa\3.4.5\spring-boot-starter-data-jpa-3.4.5.jar;C:\Users\Ravindu Haputhanthri\.m2\repository\org\springframework\boot\spring-boot-starter-jdbc\3.4.5\spring-boot-starter-jdbc-3.4.5.jar;C:\Users\Ravindu Haputhanthri\.m2\repository\com\zaxxer\HikariCP\5.1.0\HikariCP-5.1.0.jar;C:\Users\Ravindu Haputhanthri\.m2\repository\org\springframework\spring-jdbc\6.2.6\spring-jdbc-6.2.6.jar;C:\Users\Ravindu Haputhanthri\.m2\repository\org\hibernate\orm\hibernate-core\6.6.13.Final\hibernate-core-6.6.13.Final.jar;C:\Users\Ravindu Haputhanthri\.m2\repository\jakarta\persistence\jakarta.persistence-api\3.1.0\jakarta.persistence-api-3.1.0.jar;C:\Users\Ravindu Haputhanthri\.m2\repository\jakarta\transaction\jakarta.transaction-api\2.0.1\jakarta.transaction-api-2.0.1.jar;C:\Users\Ravindu Haputhanthri\.m2\repository\org\jboss\logging\jboss-logging\3.6.1.Final\jboss-logging-3.6.1.Final.jar;C:\Users\Ravindu Haputhanthri\.m2\repository\org\hibernate\common\hibernate-commons-annotations\7.0.3.Final\hibernate-commons-annotations-7.0.3.Final.jar;C:\Users\Ravindu Haputhanthri\.m2\repository\io\smallrye\jandex\3.2.0\jandex-3.2.0.jar;C:\Users\Ravindu Haputhanthri\.m2\repository\com\fasterxml\classmate\1.7.0\classmate-1.7.0.jar;C:\Users\Ravindu Haputhanthri\.m2\repository\net\bytebuddy\byte-buddy\1.15.11\byte-buddy-1.15.11.jar;C:\Users\Ravindu Haputhanthri\.m2\repository\jakarta\xml\bind\jakarta.xml.bind-api\4.0.2\jakarta.xml.bind-api-4.0.2.jar;C:\Users\Ravindu Haputhanthri\.m2\repository\jakarta\activation\jakarta.activation-api\2.1.3\jakarta.activation-api-2.1.3.jar;C:\Users\Ravindu Haputhanthri\.m2\repository\org\glassfish\jaxb\jaxb-runtime\4.0.5\jaxb-runtime-4.0.5.jar;C:\Users\Ravindu Haputhanthri\.m2\repository\org\glassfish\jaxb\jaxb-core\4.0.5\jaxb-core-4.0.5.jar;C:\Users\Ravindu Haputhanthri\.m2\repository\org\eclipse\angus\angus-activation\2.0.2\angus-activation-2.0.2.jar;C:\Users\Ravindu Haputhanthri\.m2\repository\org\glassfish\jaxb\txw2\4.0.5\txw2-4.0.5.jar;C:\Users\Ravindu Haputhanthri\.m2\repository\com\sun\istack\istack-commons-runtime\4.1.2\istack-commons-runtime-4.1.2.jar;C:\Users\Ravindu Haputhanthri\.m2\repository\jakarta\inject\jakarta.inject-api\2.0.1\jakarta.inject-api-2.0.1.jar;C:\Users\Ravindu Haputhanthri\.m2\repository\org\antlr\antlr4-runtime\4.13.0\antlr4-runtime-4.13.0.jar;C:\Users\Ravindu Haputhanthri\.m2\repository\org\springframework\data\spring-data-jpa\3.4.5\spring-data-jpa-3.4.5.jar;C:\Users\Ravindu Haputhanthri\.m2\repository\org\springframework\data\spring-data-commons\3.4.5\spring-data-commons-3.4.5.jar;C:\Users\Ravindu Haputhanthri\.m2\repository\org\springframework\spring-orm\6.2.6\spring-orm-6.2.6.jar;C:\Users\Ravindu Haputhanthri\.m2\repository\org\springframework\spring-tx\6.2.6\spring-tx-6.2.6.jar;C:\Users\Ravindu Haputhanthri\.m2\repository\org\slf4j\slf4j-api\2.0.17\slf4j-api-2.0.17.jar;C:\Users\Ravindu Haputhanthri\.m2\repository\org\springframework\spring-aspects\6.2.6\spring-aspects-6.2.6.jar;C:\Users\Ravindu Haputhanthri\.m2\repository\org\aspectj\aspectjweaver\1.9.24\aspectjweaver-1.9.24.jar;C:\Users\Ravindu Haputhanthri\.m2\repository\com\mysql\mysql-connector-j\9.3.0\mysql-connector-j-9.3.0.jar
Launcher Type: SUN_STANDARD

[Global flags]
     intx CICompilerCount                          = 3                                         {product} {ergonomic}
     uint ConcGCThreads                            = 1                                         {product} {ergonomic}
     uint G1ConcRefinementThreads                  = 4                                         {product} {ergonomic}
   size_t G1HeapRegionSize                         = 1048576                                   {product} {ergonomic}
   size_t InitialHeapSize                          = 65011712                                  {product} {ergonomic}
   size_t MarkStackSize                            = 4194304                                   {product} {ergonomic}
   size_t MaxHeapSize                              = 1040187392                                {product} {ergonomic}
   size_t MaxNewSize                               = 623902720                                 {product} {ergonomic}
   size_t MinHeapDeltaBytes                        = 1048576                                   {product} {ergonomic}
   size_t MinHeapSize                              = 8388608                                   {product} {ergonomic}
    uintx NonNMethodCodeHeapSize                   = 5832780                                {pd product} {ergonomic}
    uintx NonProfiledCodeHeapSize                  = 122912730                              {pd product} {ergonomic}
    uintx ProfiledCodeHeapSize                     = 122912730                              {pd product} {ergonomic}
    uintx ReservedCodeCacheSize                    = 251658240                              {pd product} {ergonomic}
     bool SegmentedCodeCache                       = true                                      {product} {ergonomic}
   size_t SoftMaxHeapSize                          = 1040187392                             {manageable} {ergonomic}
     bool UseCompressedOops                        = true                           {product lp64_product} {ergonomic}
     bool UseG1GC                                  = true                                      {product} {ergonomic}
     bool UseLargePagesIndividualAllocation        = false                                  {pd product} {ergonomic}

Logging:
Log output configuration:
 #0: stdout all=warning uptime,level,tags foldmultilines=false
 #1: stderr all=off uptime,level,tags foldmultilines=false

Environment Variables:
JAVA_HOME=C:\Program Files\Java\jdk-21
PATH=C:\Program Files\Java\jdk-21\bin;C:\Program Files\Java\jdk-17\bin;C:\Program Files\Common Files\Oracle\Java\javapath;C:\Program Files\Java\jdk-11\bin;C:\Program Files (x86)\Common Files\Oracle\Java\java8path;C:\Program Files (x86)\Common Files\Oracle\Java\javapath;C:\Program Files\Java\jdk1.8.0_202\bin;D:\Softwares\Oracle\WINDOWS.X64_193000_db_home\bin;C:\Oracle\WINDOWS.X64_193000_db_home\bin;C:\Windows\system32;C:\Windows;C:\Windows\System32\Wbem;C:\Windows\System32\WindowsPowerShell\v1.0\;C:\Windows\System32\OpenSSH\;C:\ProgramData\chocolatey\bin;C:\Program Files\dotnet\;C:\Program Files (x86)\Microsoft SQL Server\160\DTS\Binn\;C:\Program Files\Azure Data Studio\bin;C:\Program Files (x86)\Microsoft SQL Server\160\Tools\Binn\;C:\Program Files\Microsoft SQL Server\160\Tools\Binn\;C:\Program Files\Microsoft SQL Server\Client SDK\ODBC\170\Tools\Binn\;C:\Program Files\Microsoft SQL Server\160\DTS\Binn\;C:\Program Files (x86)\Microsoft SQL Server\150\Tools\Binn\;C:\Program Files\Microsoft SQL Server\150\Tools\Binn\;C:\Program Files\Microsoft SQL Server\150\DTS\Binn\;C:\Program Files\MySQL\MySQL Server 8.0\bin;C:\Program Files\Git\cmd;C:\Program Files\nodejs\;C:\Program Files\Docker\Docker\resources\bin;C:\Program Files (x86)\dotnet\;C:\Program Files\apache-maven-3.9.9\bin;C:\Users\Ravindu Haputhanthri\AppData\Local\Programs\Python\Python313\Scripts\;C:\Users\Ravindu Haputhanthri\AppData\Local\Programs\Python\Python313\;C:\Users\Ravindu Haputhanthri\AppData\Local\Microsoft\WindowsApps;;C:\Program Files\JetBrains\IntelliJ IDEA Community Edition 2024.1\bin;;C:\Program Files\JetBrains\PyCharm Community Edition 2022.1\bin;;C:\Users\Ravindu Haputhanthri\AppData\Local\Programs\Microsoft VS Code\bin;C:\Users\Ravindu Haputhanthri\.dotnet\tools;C:\Program Files\Azure Data Studio\bin;C:\Program Files\JetBrains\IntelliJ IDEA 2023.3.2\bin;;C:\Users\Ravindu Haputhanthri\AppData\Roaming\npm
USERNAME=Ravindu Haputhanthri
OS=Windows_NT
PROCESSOR_IDENTIFIER=Intel64 Family 6 Model 142 Stepping 10, GenuineIntel
TMP=C:\Users\RAVIND~1\AppData\Local\Temp
TEMP=C:\Users\RAVIND~1\AppData\Local\Temp




Periodic native trim disabled

---------------  S Y S T E M  ---------------

OS:
 Windows 10 , 64 bit Build 19041 (10.0.19041.5794)
OS uptime: 9 days 13:08 hours
Hyper-V role detected

CPU: total 4 (initial active 4) (2 cores per cpu, 2 threads per core) family 6 model 142 stepping 10 microcode 0xec, cx8, cmov, fxsr, ht, mmx, 3dnowpref, sse, sse2, sse3, ssse3, sse4.1, sse4.2, popcnt, lzcnt, tsc, tscinvbit, avx, avx2, aes, erms, clmul, bmi1, bmi2, adx, fma, vzeroupper, clflush, clflushopt, hv, rdtscp, f16c
Processor Information for all 4 processors :
  Max Mhz: 2208, Current Mhz: 2208, Mhz Limit: 2208

Memory: 4k page, system-wide physical 3960M (68M free)
TotalPageFile size 16248M (AvailPageFile size 0M)
current process WorkingSet (physical memory assigned to process): 73M, peak: 73M
current process commit charge ("private bytes"): 149M, peak: 149M

vm_info: OpenJDK 64-Bit Server VM (22.0.2+9-70) for windows-amd64 JRE (22.0.2+9-70), built on 2024-06-04T16:52:23Z by "mach5one" with MS VC++ 17.6 (VS2022)

END.
